c:\users\tti13svesak\documents\github\grafiikkamoottoriohjelmointi\vesamoottori\vesamoottori\debug\vc120.pdb
c:\users\tti13svesak\documents\github\grafiikkamoottoriohjelmointi\vesamoottori\vesamoottori\debug\vc120.idb
c:\users\tti13svesak\documents\github\grafiikkamoottoriohjelmointi\vesamoottori\vesamoottori\debug\buffers.obj
c:\users\tti13svesak\documents\github\grafiikkamoottoriohjelmointi\vesamoottori\vesamoottori\debug\graphicsdevice.obj
c:\users\tti13svesak\documents\github\grafiikkamoottoriohjelmointi\vesamoottori\vesamoottori\debug\lodepng.obj
c:\users\tti13svesak\documents\github\grafiikkamoottoriohjelmointi\vesamoottori\vesamoottori\debug\main.obj
c:\users\tti13svesak\documents\github\grafiikkamoottoriohjelmointi\vesamoottori\vesamoottori\debug\sprite.obj
c:\users\tti13svesak\documents\github\grafiikkamoottoriohjelmointi\vesamoottori\vesamoottori\debug\texture.obj
c:\users\tti13svesak\documents\github\grafiikkamoottoriohjelmointi\vesamoottori\vesamoottori\debug\window.obj
c:\users\tti13svesak\documents\github\grafiikkamoottoriohjelmointi\vesamoottori\vesamoottori\debug\resourcemanager.obj
c:\users\tti13svesak\documents\github\grafiikkamoottoriohjelmointi\vesamoottori\vesamoottori\debug\shaderprogram.obj
c:\users\tti13svesak\documents\github\grafiikkamoottoriohjelmointi\vesamoottori\debug\vesamoottori.pdb
c:\users\tti13svesak\documents\github\grafiikkamoottoriohjelmointi\vesamoottori\vesamoottori\debug\vesamoottori.tlog\cl.command.1.tlog
c:\users\tti13svesak\documents\github\grafiikkamoottoriohjelmointi\vesamoottori\vesamoottori\debug\vesamoottori.tlog\cl.read.1.tlog
c:\users\tti13svesak\documents\github\grafiikkamoottoriohjelmointi\vesamoottori\vesamoottori\debug\vesamoottori.tlog\cl.write.1.tlog
c:\users\tti13svesak\documents\github\grafiikkamoottoriohjelmointi\vesamoottori\vesamoottori\debug\vesamoottori.tlog\link-cvtres.read.1.tlog
c:\users\tti13svesak\documents\github\grafiikkamoottoriohjelmointi\vesamoottori\vesamoottori\debug\vesamoottori.tlog\link-cvtres.write.1.tlog
c:\users\tti13svesak\documents\github\grafiikkamoottoriohjelmointi\vesamoottori\vesamoottori\debug\vesamoottori.tlog\link-rc.read.1.tlog
c:\users\tti13svesak\documents\github\grafiikkamoottoriohjelmointi\vesamoottori\vesamoottori\debug\vesamoottori.tlog\link-rc.write.1.tlog
c:\users\tti13svesak\documents\github\grafiikkamoottoriohjelmointi\vesamoottori\vesamoottori\debug\vesamoottori.tlog\link.4328-cvtres.read.1.tlog
c:\users\tti13svesak\documents\github\grafiikkamoottoriohjelmointi\vesamoottori\vesamoottori\debug\vesamoottori.tlog\link.4328-cvtres.write.1.tlog
c:\users\tti13svesak\documents\github\grafiikkamoottoriohjelmointi\vesamoottori\vesamoottori\debug\vesamoottori.tlog\link.4328-rc.read.1.tlog
c:\users\tti13svesak\documents\github\grafiikkamoottoriohjelmointi\vesamoottori\vesamoottori\debug\vesamoottori.tlog\link.4328-rc.write.1.tlog
c:\users\tti13svesak\documents\github\grafiikkamoottoriohjelmointi\vesamoottori\vesamoottori\debug\vesamoottori.tlog\link.4328.read.1.tlog
c:\users\tti13svesak\documents\github\grafiikkamoottoriohjelmointi\vesamoottori\vesamoottori\debug\vesamoottori.tlog\link.4328.write.1.tlog
c:\users\tti13svesak\documents\github\grafiikkamoottoriohjelmointi\vesamoottori\vesamoottori\debug\vesamoottori.tlog\link.command.1.tlog
c:\users\tti13svesak\documents\github\grafiikkamoottoriohjelmointi\vesamoottori\vesamoottori\debug\vesamoottori.tlog\link.read.1.tlog
c:\users\tti13svesak\documents\github\grafiikkamoottoriohjelmointi\vesamoottori\vesamoottori\debug\vesamoottori.tlog\link.write.1.tlog
